TN:
SF:components/DynamicBlock.vue
FN:47,(anonymous_1)
FN:53,(anonymous_2)
FN:67,(anonymous_3)
FNF:3
FNH:0
FNDA:0,(anonymous_1)
FNDA:0,(anonymous_2)
FNDA:0,(anonymous_3)
DA:47,0
DA:54,0
DA:55,0
DA:56,0
DA:59,0
DA:62,0
DA:76,0
DA:78,0
LF:8
LH:0
BRDA:54,0,0,0
BRDA:54,0,1,0
BRDA:55,1,0,0
BRDA:55,1,1,0
BRDA:79,2,0,0
BRDA:79,2,1,0
BRF:6
BRH:0
end_of_record
TN:
SF:components/External.vue
FN:69,(anonymous_1)
FN:78,(anonymous_2)
FN:111,(anonymous_3)
FNF:3
FNH:0
FNDA:0,(anonymous_1)
FNDA:0,(anonymous_2)
FNDA:0,(anonymous_3)
DA:70,0
DA:71,0
DA:74,0
DA:79,0
DA:81,0
DA:82,0
DA:85,0
DA:86,0
DA:89,0
DA:90,0
DA:93,0
DA:94,0
DA:97,0
DA:98,0
DA:101,0
DA:102,0
DA:105,0
DA:112,0
DA:124,0
DA:125,0
DA:128,0
LF:21
LH:0
BRDA:70,0,0,0
BRDA:70,0,1,0
BRDA:81,1,0,0
BRDA:81,1,1,0
BRDA:82,2,0,0
BRDA:82,2,1,0
BRDA:85,3,0,0
BRDA:85,3,1,0
BRDA:86,4,0,0
BRDA:86,4,1,0
BRDA:89,5,0,0
BRDA:89,5,1,0
BRDA:90,6,0,0
BRDA:90,6,1,0
BRDA:93,7,0,0
BRDA:93,7,1,0
BRDA:94,8,0,0
BRDA:94,8,1,0
BRDA:97,9,0,0
BRDA:97,9,1,0
BRDA:98,10,0,0
BRDA:98,10,1,0
BRDA:101,11,0,0
BRDA:101,11,1,0
BRDA:113,12,0,0
BRDA:113,12,1,0
BRDA:124,13,0,0
BRDA:124,13,1,0
BRF:28
BRH:0
end_of_record
TN:
SF:components/LoginForm.vue
FN:28,(anonymous_1)
FN:40,(anonymous_2)
FN:54,(anonymous_3)
FN:66,(anonymous_4)
FN:72,(anonymous_5)
FN:78,(anonymous_6)
FNF:6
FNH:0
FNDA:0,(anonymous_1)
FNDA:0,(anonymous_2)
FNDA:0,(anonymous_3)
FNDA:0,(anonymous_4)
FNDA:0,(anonymous_5)
FNDA:0,(anonymous_6)
DA:29,0
DA:41,0
DA:42,0
DA:45,0
DA:47,0
DA:48,0
DA:51,0
DA:55,0
DA:56,0
DA:59,0
DA:60,0
DA:63,0
DA:67,0
DA:73,0
DA:74,0
DA:75,0
DA:79,0
DA:80,0
DA:83,0
DA:85,0
DA:87,0
DA:89,0
DA:90,0
DA:93,0
LF:24
LH:0
BRDA:41,0,0,0
BRDA:41,0,1,0
BRDA:47,1,0,0
BRDA:47,1,1,0
BRDA:47,2,0,0
BRDA:47,2,1,0
BRDA:55,3,0,0
BRDA:55,3,1,0
BRDA:59,4,0,0
BRDA:59,4,1,0
BRDA:67,5,0,0
BRDA:67,5,1,0
BRDA:79,6,0,0
BRDA:79,6,1,0
BRDA:89,7,0,0
BRDA:89,7,1,0
BRF:16
BRH:0
end_of_record
TN:
SF:components/SignupForm.vue
FN:40,(anonymous_1)
FN:57,(anonymous_2)
FN:71,(anonymous_3)
FN:83,(anonymous_4)
FN:95,(anonymous_5)
FN:101,(anonymous_6)
FN:110,(anonymous_7)
FNF:7
FNH:0
FNDA:0,(anonymous_1)
FNDA:0,(anonymous_2)
FNDA:0,(anonymous_3)
FNDA:0,(anonymous_4)
FNDA:0,(anonymous_5)
FNDA:0,(anonymous_6)
FNDA:0,(anonymous_7)
DA:41,0
DA:58,0
DA:59,0
DA:62,0
DA:64,0
DA:65,0
DA:68,0
DA:72,0
DA:73,0
DA:76,0
DA:77,0
DA:80,0
DA:84,0
DA:85,0
DA:88,0
DA:89,0
DA:92,0
DA:96,0
DA:102,0
DA:103,0
DA:104,0
DA:105,0
DA:106,0
DA:107,0
DA:111,0
DA:112,0
DA:115,0
DA:117,0
DA:119,0
DA:121,0
DA:122,0
DA:125,0
LF:32
LH:0
BRDA:58,0,0,0
BRDA:58,0,1,0
BRDA:64,1,0,0
BRDA:64,1,1,0
BRDA:64,2,0,0
BRDA:64,2,1,0
BRDA:72,3,0,0
BRDA:72,3,1,0
BRDA:76,4,0,0
BRDA:76,4,1,0
BRDA:84,5,0,0
BRDA:84,5,1,0
BRDA:88,6,0,0
BRDA:88,6,1,0
BRDA:96,7,0,0
BRDA:96,7,1,0
BRDA:96,7,2,0
BRDA:111,8,0,0
BRDA:111,8,1,0
BRDA:121,9,0,0
BRDA:121,9,1,0
BRF:21
BRH:0
end_of_record
TN:
SF:pages/_slug.vue
FN:22,(anonymous_2)
FN:28,(anonymous_3)
FNF:2
FNH:0
FNDA:0,(anonymous_2)
FNDA:0,(anonymous_3)
DA:11,0
DA:12,0
DA:23,0
DA:29,0
DA:30,0
DA:31,0
DA:33,0
LF:7
LH:0
BRDA:31,0,0,0
BRDA:31,0,1,0
BRF:2
BRH:0
end_of_record
TN:
SF:pages/index.vue
FN:39,(anonymous_2)
FN:47,(anonymous_3)
FN:52,(anonymous_4)
FNF:3
FNH:0
FNDA:0,(anonymous_2)
FNDA:0,(anonymous_3)
FNDA:0,(anonymous_4)
DA:26,0
DA:27,0
DA:28,0
DA:40,0
DA:48,0
DA:53,0
LF:6
LH:0
BRF:0
BRH:0
end_of_record
